<?xml version="1.0" encoding="UTF-8"?>
<!-- Generated by org.testng.reporters.JUnitXMLReporter -->
<testsuite ignored="4" hostname="DESKTOP-PEV4LLI" failures="0" tests="1" name="Default test" time="184.415" errors="0" timestamp="2022-05-15T17:28:12 IST">
  <testcase classname="TestCases.TestCases" name="remove_cart" time="70.186"/>
  <testcase classname="TestCases.TestCases" name="SearchResult" time="0.0">
    <ignored/>
  </testcase> <!-- SearchResult -->
  <testcase classname="TestCases.TestCases" name="dologin" time="0.0">
    <ignored/>
  </testcase> <!-- dologin -->
  <testcase classname="TestCases.TestCases" name="add_cart" time="0.0">
    <ignored/>
  </testcase> <!-- add_cart -->
  <testcase classname="TestCases.TestCases" name="doregister" time="0.0">
    <ignored/>
  </testcase> <!-- doregister -->
</testsuite> <!-- Default test -->
